c:\users\reddy\desktop\gui\red gui base\release\vc143.pdb
c:\users\reddy\desktop\gui\red gui base\release\main.obj
c:\users\reddy\desktop\gui\red gui base\release\imgui_widgets.obj
c:\users\reddy\desktop\gui\red gui base\release\imgui_impl_win32.obj
c:\users\reddy\desktop\gui\red gui base\release\imgui_impl_dx9.obj
c:\users\reddy\desktop\gui\red gui base\release\imgui_draw.obj
c:\users\reddy\desktop\gui\red gui base\release\imgui_demo.obj
c:\users\reddy\desktop\gui\red gui base\release\imgui.obj
c:\users\reddy\desktop\gui\release\adverse fan project.exe
c:\users\reddy\desktop\gui\red gui base\release\adverse fan project.ipdb
c:\users\reddy\desktop\gui\red gui base\release\adverse fan project.iobj
c:\users\reddy\desktop\gui\release\adverse fan project.pdb
c:\users\reddy\desktop\project adverse\red gui base\release\imgui.obj
c:\users\reddy\desktop\project adverse\red gui base\release\imgui_demo.obj
c:\users\reddy\desktop\project adverse\red gui base\release\imgui_draw.obj
c:\users\reddy\desktop\project adverse\red gui base\release\imgui_impl_dx9.obj
c:\users\reddy\desktop\project adverse\red gui base\release\imgui_impl_win32.obj
c:\users\reddy\desktop\project adverse\red gui base\release\imgui_widgets.obj
c:\users\reddy\desktop\project adverse\red gui base\release\main.obj
c:\users\reddy\desktop\project adverse\red gui base\release\adverse fan project.ipdb
c:\users\reddy\desktop\project adverse\red gui base\release\adverse fan project.iobj
c:\users\reddy\desktop\project adverse\red gui base\release\vc143.pdb
c:\users\reddy\desktop\project adverse\release\adverse fan project.pdb
c:\users\reddy\desktop\project adverse\release\adverse fan project.exe
c:\users\reddy\desktop\project adverse\red gui base\release\adverse .37567326.tlog\cl.command.1.tlog
c:\users\reddy\desktop\project adverse\red gui base\release\adverse .37567326.tlog\cl.read.1.tlog
c:\users\reddy\desktop\project adverse\red gui base\release\adverse .37567326.tlog\cl.write.1.tlog
c:\users\reddy\desktop\project adverse\red gui base\release\adverse .37567326.tlog\link.command.1.tlog
c:\users\reddy\desktop\project adverse\red gui base\release\adverse .37567326.tlog\link.read.1.tlog
c:\users\reddy\desktop\project adverse\red gui base\release\adverse .37567326.tlog\link.write.1.tlog
